Build started 12/5/2014 1:02:14 PM.
     1>Project "C:\Users\Seth\Documents\Visual Studio 2013\Projects\3D-House-Tour\ObjParser\asst2\asst2.vcxproj" on node 2 (Build target(s)).
     1>ClCompile:
         C:\Program Files (x86)\Microsoft Visual Studio 12.0\VC\bin\CL.exe /c /I"C:\Users\Seth\Documents\Visual Studio 2013\Projects\cs432Windows\glew-1.7.0\include" /I"C:\Users\Seth\Documents\Visual Studio 2013\Projects\cs432Windows\freeglut\include" /ZI /nologo /W3 /WX- /sdl /Od /Oy- /D _MBCS /Gm /EHsc /RTC1 /MDd /GS /fp:precise /Zc:wchar_t /Zc:forScope /Fo"Debug\\" /Fd"Debug\vc120.pdb" /Gd /TP /analyze- /errorReport:prompt ..\asst1s.cpp ..\cs432.cpp ..\mat.cpp ..\matStack.cpp ..\picking.cpp ..\ppm.cpp ..\torus.cpp ..\vec.cpp
         vec.cpp
         torus.cpp
     1>c:\users\seth\documents\visual studio 2013\projects\3d-house-tour\objparser\cs432.h(71): warning C4305: 'initializing' : truncation from 'double' to 'const GLfloat'
     1>c:\users\seth\documents\visual studio 2013\projects\3d-house-tour\objparser\torus.cpp(40): warning C4244: 'initializing' : conversion from 'double' to 'GLfloat', possible loss of data
     1>c:\users\seth\documents\visual studio 2013\projects\3d-house-tour\objparser\torus.cpp(41): warning C4244: 'initializing' : conversion from 'double' to 'GLfloat', possible loss of data
     1>c:\users\seth\documents\visual studio 2013\projects\3d-house-tour\objparser\torus.cpp(42): warning C4244: 'initializing' : conversion from 'double' to 'GLfloat', possible loss of data
     1>c:\users\seth\documents\visual studio 2013\projects\3d-house-tour\objparser\torus.cpp(43): warning C4244: 'initializing' : conversion from 'double' to 'GLfloat', possible loss of data
         ppm.cpp
     1>c:\users\seth\documents\visual studio 2013\projects\3d-house-tour\objparser\cs432.h(71): warning C4305: 'initializing' : truncation from 'double' to 'const GLfloat'
         picking.cpp
     1>c:\users\seth\documents\visual studio 2013\projects\3d-house-tour\objparser\cs432.h(71): warning C4305: 'initializing' : truncation from 'double' to 'const GLfloat'
     1>c:\users\seth\documents\visual studio 2013\projects\3d-house-tour\objparser\picking.cpp(85): warning C4244: 'argument' : conversion from 'double' to 'GLfloat', possible loss of data
         matStack.cpp
     1>c:\users\seth\documents\visual studio 2013\projects\3d-house-tour\objparser\mat.h(397): warning C4244: 'initializing' : conversion from 'double' to 'GLfloat', possible loss of data
     1>c:\users\seth\documents\visual studio 2013\projects\3d-house-tour\objparser\mat.h(409): warning C4244: 'initializing' : conversion from 'double' to 'GLfloat', possible loss of data
     1>c:\users\seth\documents\visual studio 2013\projects\3d-house-tour\objparser\mat.h(421): warning C4244: 'initializing' : conversion from 'double' to 'GLfloat', possible loss of data
     1>c:\users\seth\documents\visual studio 2013\projects\3d-house-tour\objparser\mat.h(495): warning C4244: '=' : conversion from 'double' to 'GLfloat', possible loss of data
     1>c:\users\seth\documents\visual studio 2013\projects\3d-house-tour\objparser\mat.h(496): warning C4244: '=' : conversion from 'double' to 'GLfloat', possible loss of data
     1>c:\users\seth\documents\visual studio 2013\projects\3d-house-tour\objparser\mat.h(497): warning C4244: '=' : conversion from 'double' to 'GLfloat', possible loss of data
     1>c:\users\seth\documents\visual studio 2013\projects\3d-house-tour\objparser\mat.h(518): warning C4244: '=' : conversion from 'double' to 'GLfloat', possible loss of data
     1>c:\users\seth\documents\visual studio 2013\projects\3d-house-tour\objparser\mat.h(520): warning C4244: '=' : conversion from 'double' to 'GLfloat', possible loss of data
     1>c:\users\seth\documents\visual studio 2013\projects\3d-house-tour\objparser\mat.h(523): warning C4244: '=' : conversion from 'double' to 'GLfloat', possible loss of data
     1>c:\users\seth\documents\visual studio 2013\projects\3d-house-tour\objparser\mat.h(533): warning C4244: 'initializing' : conversion from 'double' to 'GLfloat', possible loss of data
     1>c:\users\seth\documents\visual studio 2013\projects\3d-house-tour\objparser\mat.h(540): warning C4244: '=' : conversion from 'double' to 'GLfloat', possible loss of data
         mat.cpp
     1>c:\users\seth\documents\visual studio 2013\projects\3d-house-tour\objparser\mat.h(397): warning C4244: 'initializing' : conversion from 'double' to 'GLfloat', possible loss of data
     1>c:\users\seth\documents\visual studio 2013\projects\3d-house-tour\objparser\mat.h(409): warning C4244: 'initializing' : conversion from 'double' to 'GLfloat', possible loss of data
     1>c:\users\seth\documents\visual studio 2013\projects\3d-house-tour\objparser\mat.h(421): warning C4244: 'initializing' : conversion from 'double' to 'GLfloat', possible loss of data
     1>c:\users\seth\documents\visual studio 2013\projects\3d-house-tour\objparser\mat.h(495): warning C4244: '=' : conversion from 'double' to 'GLfloat', possible loss of data
     1>c:\users\seth\documents\visual studio 2013\projects\3d-house-tour\objparser\mat.h(496): warning C4244: '=' : conversion from 'double' to 'GLfloat', possible loss of data
     1>c:\users\seth\documents\visual studio 2013\projects\3d-house-tour\objparser\mat.h(497): warning C4244: '=' : conversion from 'double' to 'GLfloat', possible loss of data
     1>c:\users\seth\documents\visual studio 2013\projects\3d-house-tour\objparser\mat.h(518): warning C4244: '=' : conversion from 'double' to 'GLfloat', possible loss of data
     1>c:\users\seth\documents\visual studio 2013\projects\3d-house-tour\objparser\mat.h(520): warning C4244: '=' : conversion from 'double' to 'GLfloat', possible loss of data
     1>c:\users\seth\documents\visual studio 2013\projects\3d-house-tour\objparser\mat.h(523): warning C4244: '=' : conversion from 'double' to 'GLfloat', possible loss of data
     1>c:\users\seth\documents\visual studio 2013\projects\3d-house-tour\objparser\mat.h(533): warning C4244: 'initializing' : conversion from 'double' to 'GLfloat', possible loss of data
     1>c:\users\seth\documents\visual studio 2013\projects\3d-house-tour\objparser\mat.h(540): warning C4244: '=' : conversion from 'double' to 'GLfloat', possible loss of data
         cs432.cpp
     1>c:\users\seth\documents\visual studio 2013\projects\3d-house-tour\objparser\cs432.h(71): warning C4305: 'initializing' : truncation from 'double' to 'const GLfloat'
         asst1s.cpp
     1>c:\users\seth\documents\visual studio 2013\projects\3d-house-tour\objparser\cs432.h(71): warning C4305: 'initializing' : truncation from 'double' to 'const GLfloat'
     1>c:\users\seth\documents\visual studio 2013\projects\3d-house-tour\objparser\mat.h(397): warning C4244: 'initializing' : conversion from 'double' to 'GLfloat', possible loss of data
     1>c:\users\seth\documents\visual studio 2013\projects\3d-house-tour\objparser\mat.h(409): warning C4244: 'initializing' : conversion from 'double' to 'GLfloat', possible loss of data
     1>c:\users\seth\documents\visual studio 2013\projects\3d-house-tour\objparser\mat.h(421): warning C4244: 'initializing' : conversion from 'double' to 'GLfloat', possible loss of data
     1>c:\users\seth\documents\visual studio 2013\projects\3d-house-tour\objparser\mat.h(495): warning C4244: '=' : conversion from 'double' to 'GLfloat', possible loss of data
     1>c:\users\seth\documents\visual studio 2013\projects\3d-house-tour\objparser\mat.h(496): warning C4244: '=' : conversion from 'double' to 'GLfloat', possible loss of data
     1>c:\users\seth\documents\visual studio 2013\projects\3d-house-tour\objparser\mat.h(497): warning C4244: '=' : conversion from 'double' to 'GLfloat', possible loss of data
     1>c:\users\seth\documents\visual studio 2013\projects\3d-house-tour\objparser\mat.h(518): warning C4244: '=' : conversion from 'double' to 'GLfloat', possible loss of data
     1>c:\users\seth\documents\visual studio 2013\projects\3d-house-tour\objparser\mat.h(520): warning C4244: '=' : conversion from 'double' to 'GLfloat', possible loss of data
     1>c:\users\seth\documents\visual studio 2013\projects\3d-house-tour\objparser\mat.h(523): warning C4244: '=' : conversion from 'double' to 'GLfloat', possible loss of data
     1>c:\users\seth\documents\visual studio 2013\projects\3d-house-tour\objparser\mat.h(533): warning C4244: 'initializing' : conversion from 'double' to 'GLfloat', possible loss of data
     1>c:\users\seth\documents\visual studio 2013\projects\3d-house-tour\objparser\mat.h(540): warning C4244: '=' : conversion from 'double' to 'GLfloat', possible loss of data
     1>c:\users\seth\documents\visual studio 2013\projects\3d-house-tour\objparser\asst1s.cpp(459): warning C4244: 'argument' : conversion from 'int' to 'const GLfloat', possible loss of data
     1>c:\users\seth\documents\visual studio 2013\projects\3d-house-tour\objparser\asst1s.cpp(508): warning C4244: '-=' : conversion from 'double' to 'int', possible loss of data
     1>c:\users\seth\documents\visual studio 2013\projects\3d-house-tour\objparser\asst1s.cpp(509): warning C4244: 'argument' : conversion from 'int' to 'const GLfloat', possible loss of data
     1>c:\users\seth\documents\visual studio 2013\projects\3d-house-tour\objparser\asst1s.cpp(518): warning C4244: '+=' : conversion from 'double' to 'int', possible loss of data
     1>c:\users\seth\documents\visual studio 2013\projects\3d-house-tour\objparser\asst1s.cpp(519): warning C4244: 'argument' : conversion from 'int' to 'const GLfloat', possible loss of data
     1>c:\users\seth\documents\visual studio 2013\projects\3d-house-tour\objparser\asst1s.cpp(528): warning C4244: 'argument' : conversion from 'int' to 'const GLfloat', possible loss of data
     1>c:\users\seth\documents\visual studio 2013\projects\3d-house-tour\objparser\asst1s.cpp(556): warning C4305: 'argument' : truncation from 'double' to 'const GLfloat'
     1>c:\users\seth\documents\visual studio 2013\projects\3d-house-tour\objparser\asst1s.cpp(568): warning C4305: 'argument' : truncation from 'double' to 'const GLfloat'
     1>c:\users\seth\documents\visual studio 2013\projects\3d-house-tour\objparser\asst1s.cpp(590): warning C4305: 'argument' : truncation from 'double' to 'const GLfloat'
     1>c:\users\seth\documents\visual studio 2013\projects\3d-house-tour\objparser\asst1s.cpp(601): warning C4305: 'argument' : truncation from 'double' to 'const GLfloat'
     1>c:\users\seth\documents\visual studio 2013\projects\3d-house-tour\objparser\asst1s.cpp(612): warning C4305: 'argument' : truncation from 'double' to 'const GLfloat'
     1>c:\users\seth\documents\visual studio 2013\projects\3d-house-tour\objparser\asst1s.cpp(623): warning C4305: 'argument' : truncation from 'double' to 'const GLfloat'
     1>c:\users\seth\documents\visual studio 2013\projects\3d-house-tour\objparser\asst1s.cpp(634): warning C4305: 'argument' : truncation from 'double' to 'const GLfloat'
     1>c:\users\seth\documents\visual studio 2013\projects\3d-house-tour\objparser\asst1s.cpp(645): warning C4305: 'argument' : truncation from 'double' to 'const GLfloat'
     1>c:\users\seth\documents\visual studio 2013\projects\3d-house-tour\objparser\asst1s.cpp(656): warning C4305: 'argument' : truncation from 'double' to 'const GLfloat'
     1>c:\users\seth\documents\visual studio 2013\projects\3d-house-tour\objparser\asst1s.cpp(752): warning C4305: 'argument' : truncation from 'double' to 'const GLfloat'
     1>c:\users\seth\documents\visual studio 2013\projects\3d-house-tour\objparser\asst1s.cpp(764): warning C4305: 'argument' : truncation from 'double' to 'const GLfloat'
     1>c:\users\seth\documents\visual studio 2013\projects\3d-house-tour\objparser\asst1s.cpp(776): warning C4305: 'argument' : truncation from 'double' to 'const GLfloat'
     1>c:\users\seth\documents\visual studio 2013\projects\3d-house-tour\objparser\asst1s.cpp(788): warning C4305: 'argument' : truncation from 'double' to 'const GLfloat'
     1>c:\users\seth\documents\visual studio 2013\projects\3d-house-tour\objparser\asst1s.cpp(811): warning C4305: 'argument' : truncation from 'double' to 'const GLfloat'
     1>c:\users\seth\documents\visual studio 2013\projects\3d-house-tour\objparser\asst1s.cpp(876): warning C4305: 'argument' : truncation from 'double' to 'GLclampf'
     1>c:\users\seth\documents\visual studio 2013\projects\3d-house-tour\objparser\asst1s.cpp(1010): warning C4244: 'argument' : conversion from 'double' to 'const GLfloat', possible loss of data
     1>c:\users\seth\documents\visual studio 2013\projects\3d-house-tour\objparser\asst1s.cpp(1047): warning C4305: 'argument' : truncation from 'double' to 'GLclampf'
     1>c:\users\seth\documents\visual studio 2013\projects\3d-house-tour\objparser\asst1s.cpp(1362): warning C4305: 'argument' : truncation from 'double' to 'GLfloat'
     1>c:\users\seth\documents\visual studio 2013\projects\3d-house-tour\objparser\asst1s.cpp(1407): warning C4305: 'argument' : truncation from 'double' to 'GLfloat'
     1>c:\users\seth\documents\visual studio 2013\projects\3d-house-tour\objparser\asst1s.cpp(1424): warning C4305: '+=' : truncation from 'double' to 'GLfloat'
     1>c:\users\seth\documents\visual studio 2013\projects\3d-house-tour\objparser\asst1s.cpp(1474): warning C4244: 'initializing' : conversion from 'double' to 'int', possible loss of data
     1>c:\users\seth\documents\visual studio 2013\projects\3d-house-tour\objparser\asst1s.cpp(1484): warning C4244: 'argument' : conversion from 'double' to 'const GLfloat', possible loss of data
     1>c:\users\seth\documents\visual studio 2013\projects\3d-house-tour\objparser\asst1s.cpp(1491): warning C4244: 'argument' : conversion from 'double' to 'const GLfloat', possible loss of data
     1>c:\users\seth\documents\visual studio 2013\projects\3d-house-tour\objparser\asst1s.cpp(1498): warning C4244: 'argument' : conversion from 'double' to 'const GLfloat', possible loss of data
     1>c:\users\seth\documents\visual studio 2013\projects\3d-house-tour\objparser\asst1s.cpp(1511): warning C4244: 'argument' : conversion from 'double' to 'const GLfloat', possible loss of data
     1>c:\users\seth\documents\visual studio 2013\projects\3d-house-tour\objparser\asst1s.cpp(1521): warning C4305: 'argument' : truncation from 'double' to 'GLfloat'
     1>c:\users\seth\documents\visual studio 2013\projects\3d-house-tour\objparser\asst1s.cpp(1523): warning C4305: 'argument' : truncation from 'double' to 'GLfloat'
     1>c:\users\seth\documents\visual studio 2013\projects\3d-house-tour\objparser\asst1s.cpp(1527): warning C4305: 'argument' : truncation from 'double' to 'GLfloat'
     1>c:\users\seth\documents\visual studio 2013\projects\3d-house-tour\objparser\asst1s.cpp(1529): warning C4305: 'argument' : truncation from 'double' to 'GLfloat'
         Generating Code...
       Link:
         C:\Program Files (x86)\Microsoft Visual Studio 12.0\VC\bin\link.exe /ERRORREPORT:PROMPT /OUT:"C:\Users\Seth\Documents\Visual Studio 2013\Projects\3D-House-Tour\ObjParser\Debug\asst2.exe" /INCREMENTAL /NOLOGO /LIBPATH:"C:\Users\Seth\Documents\Visual Studio 2013\Projects\cs432Windows\glew-1.7.0\lib" /LIBPATH:"C:\Users\Seth\Documents\Visual Studio 2013\Projects\cs432Windows\freeglut\lib" freeglut.lib glew32.lib kernel32.lib user32.lib gdi32.lib winspool.lib comdlg32.lib advapi32.lib shell32.lib ole32.lib oleaut32.lib uuid.lib odbc32.lib odbccp32.lib /MANIFEST /MANIFESTUAC:"level='asInvoker' uiAccess='false'" /manifest:embed /DEBUG /PDB:"C:\Users\Seth\Documents\Visual Studio 2013\Projects\3D-House-Tour\ObjParser\Debug\asst2.pdb" /TLBID:1 /DYNAMICBASE /NXCOMPAT /IMPLIB:"C:\Users\Seth\Documents\Visual Studio 2013\Projects\3D-House-Tour\ObjParser\Debug\asst2.lib" /MACHINE:X86 Debug\asst1s.obj
         Debug\cs432.obj
         Debug\mat.obj
         Debug\matStack.obj
         Debug\picking.obj
         Debug\ppm.obj
         Debug\torus.obj
         Debug\vec.obj
         LINK : C:\Users\Seth\Documents\Visual Studio 2013\Projects\3D-House-Tour\ObjParser\Debug\asst2.exe not found or not built by the last incremental link; performing full link
         asst2.vcxproj -> C:\Users\Seth\Documents\Visual Studio 2013\Projects\3D-House-Tour\ObjParser\Debug\asst2.exe
     1>Done Building Project "C:\Users\Seth\Documents\Visual Studio 2013\Projects\3D-House-Tour\ObjParser\asst2\asst2.vcxproj" (Build target(s)).

Build succeeded.

Time Elapsed 00:00:06.80
